BuildingRhythms/app/build/intermediates/manifest_merge_blame_file/debug/manifest-merger-blame-debug-report.txt
1<?xml version="1.0" encoding="utf-8"?>
2<manifest xmlns:android="http://schemas.android.com/apk/res/android"
3    package="com.example.buildingrhythms"
4    android:versionCode="1"
5    android:versionName="1.0" >
6
7    <uses-sdk
8        android:minSdkVersion="26"
8-->src/main/AndroidManifest.xml
9        android:targetSdkVersion="30" />
9-->src/main/AndroidManifest.xml
10
11    <uses-permission android:name="android.permission.INTERNET" />
11-->src/main/AndroidManifest.xml:4:5-67
11-->src/main/AndroidManifest.xml:4:22-64
12
13    <uses-feature
13-->src/main/AndroidManifest.xml:5:5-7:35
14        android:glEsVersion="0x00030000"
14-->src/main/AndroidManifest.xml:6:9-41
15        android:required="true" />
15-->src/main/AndroidManifest.xml:7:9-32
16
17    <application
17-->src/main/AndroidManifest.xml:8:5-22:19
18        android:allowBackup="true"
18-->src/main/AndroidManifest.xml:9:9-35
19        android:appComponentFactory="androidx.core.app.CoreComponentFactory"
19-->[androidx.core:core:1.5.0] AndroidManifest.xml:24:18-86
20        android:debuggable="true"
21        android:extractNativeLibs="false"
22        android:icon="@mipmap/ic_launcher"
22-->src/main/AndroidManifest.xml:10:9-43
23        android:label="@string/app_name"
23-->src/main/AndroidManifest.xml:11:9-41
24        android:roundIcon="@mipmap/ic_launcher_round"
24-->src/main/AndroidManifest.xml:12:9-54
25        android:supportsRtl="true"
25-->src/main/AndroidManifest.xml:13:9-35
26        android:testOnly="true"
27        android:theme="@style/Theme.BuildingRhythms" >
27-->src/main/AndroidManifest.xml:14:9-53
28        <activity android:name="com.example.buildingrhythms.MainActivity" >
28-->src/main/AndroidManifest.xml:15:9-21:20
28-->src/main/AndroidManifest.xml:15:19-47
29            <intent-filter>
29-->src/main/AndroidManifest.xml:16:13-20:29
30                <action android:name="android.intent.action.MAIN" />
30-->src/main/AndroidManifest.xml:17:17-69
30-->src/main/AndroidManifest.xml:17:25-66
31
32                <category android:name="android.intent.category.LAUNCHER" />
32-->src/main/AndroidManifest.xml:19:17-77
32-->src/main/AndroidManifest.xml:19:27-74
33            </intent-filter>
34        </activity>
35    </application>
36
37</manifest>